[ERROR] /Users/Nick.Senno/repos/providentia/src/main/scala/com/databricks/labs/automl/pipeline/FeatureEngineeringPipelineContext.scala:837: not found: type OneHotEncoderEstimator
[ERROR] /Users/Nick.Senno/repos/providentia/src/main/scala/com/databricks/labs/automl/utils/DataValidation.scala:4: object OneHotEncoderEstimator is not a member of package org.apache.spark.ml.feature
[ERROR] /Users/Nick.Senno/repos/providentia/src/main/scala/com/databricks/labs/automl/utils/DataValidation.scala:30: not found: type OneHotEncoderEstimator
[ERROR] /Users/Nick.Senno/repos/providentia/src/main/scala/com/databricks/labs/automl/pipeline/FeaturePipeline.scala:257: type mismatch;
 found   : Array[Any]
 required: Array[_ <: org.apache.spark.ml.PipelineStage]
Note: Any >: org.apache.spark.ml.PipelineStage, but class Array is invariant in type T.
You may wish to investigate a wildcard type such as `_ >: org.apache.spark.ml.PipelineStage`. (SLS 3.2.10)
[ERROR] /Users/Nick.Senno/repos/providentia/src/main/scala/com/databricks/labs/automl/pipeline/FeaturePipeline.scala:278: value schema is not a member of Any
[ERROR] /Users/Nick.Senno/repos/providentia/src/main/scala/com/databricks/labs/automl/pipeline/FeaturePipeline.scala:280: value select is not a member of Any
[ERROR] /Users/Nick.Senno/repos/providentia/src/main/scala/com/databricks/labs/automl/pipeline/FeaturePipeline.scala:290: type mismatch;
 found   : Any
 required: Array[String]
[ERROR] /Users/Nick.Senno/repos/providentia/src/main/scala/com/databricks/labs/automl/utils/DataValidation.scala:33: not found: type OneHotEncoderEstimator
[ERROR] /Users/Nick.Senno/repos/providentia/src/main/scala/com/databricks/labs/automl/utils/DataValidation.scala:39: not found: type OneHotEncoderEstimator
